[    1420ms] ReferenceError: Webflow is not defined
    at https://www.glean.com/:2388:3
[    3169ms] TypeError: Cannot read properties of undefined (reading 'getAt')
    at https://cdnjs.cloudflare.com/ajax/libs/splidejs/4.1.4/js/splide.min.js:8:6246
    at Array.map (<anonymous>)
    at k (https://cdnjs.cloudflare.com/ajax/libs/splidejs/4.1.4/js/splide.min.js:8:6201)
    at DocumentFragment.<anonymous> (https://cdnjs.cloudflare.com/ajax/libs/splidejs/4.1.4/js/splide.min.js:8:4425)
    at DocumentFragment.b (https://cmp.osano.com/16CXuzUWVmvBc5GOi/2cb189d0-529f-40a5-9353-12a933c5cb8e/osano.js:2:170061)
    at DocumentFragment.value [as dispatchEvent] (https://cmp.osano.com/16CXuzUWVmvBc5GOi/2cb189d0-529f-40a5-9353-12a933c5cb8e/osano.js:2:170452)
    at Object.dispatch (https://cdnjs.cloudflare.com/ajax/libs/splidejs/4.1.4/js/splide.min.js:8:3888)
    at Object.emit (https://cdnjs.cloudflare.com/ajax/libs/splidejs/4.1.4/js/splide.min.js:8:4498)
    at Object.e [as mount] (https://cdnjs.cloudflare.com/ajax/libs/splidejs/4.1.4/js/splide.min.js:8:24645)
    at https://cdnjs.cloudflare.com/ajax/libs/splidejs/4.1.4/js/splide.min.js:8:27997
[    3169ms] TypeError: Cannot read properties of undefined (reading 'getAt')
    at https://cdnjs.cloudflare.com/ajax/libs/splidejs/4.1.4/js/splide.min.js:8:6246
    at Array.map (<anonymous>)
    at k (https://cdnjs.cloudflare.com/ajax/libs/splidejs/4.1.4/js/splide.min.js:8:6201)
    at DocumentFragment.<anonymous> (https://cdnjs.cloudflare.com/ajax/libs/splidejs/4.1.4/js/splide.min.js:8:4425)
    at DocumentFragment.b (https://cmp.osano.com/16CXuzUWVmvBc5GOi/2cb189d0-529f-40a5-9353-12a933c5cb8e/osano.js:2:170061)
    at DocumentFragment.value [as dispatchEvent] (https://cmp.osano.com/16CXuzUWVmvBc5GOi/2cb189d0-529f-40a5-9353-12a933c5cb8e/osano.js:2:170452)
    at Object.dispatch (https://cdnjs.cloudflare.com/ajax/libs/splidejs/4.1.4/js/splide.min.js:8:3888)
    at Object.emit (https://cdnjs.cloudflare.com/ajax/libs/splidejs/4.1.4/js/splide.min.js:8:4498)
    at Object.e [as mount] (https://cdnjs.cloudflare.com/ajax/libs/splidejs/4.1.4/js/splide.min.js:8:24645)
    at https://cdnjs.cloudflare.com/ajax/libs/splidejs/4.1.4/js/splide.min.js:8:27997
[    3169ms] TypeError: Cannot read properties of undefined (reading 'getAt')
    at https://cdnjs.cloudflare.com/ajax/libs/splidejs/4.1.4/js/splide.min.js:8:6246
    at Array.map (<anonymous>)
    at k (https://cdnjs.cloudflare.com/ajax/libs/splidejs/4.1.4/js/splide.min.js:8:6201)
    at DocumentFragment.<anonymous> (https://cdnjs.cloudflare.com/ajax/libs/splidejs/4.1.4/js/splide.min.js:8:4425)
    at DocumentFragment.b (https://cmp.osano.com/16CXuzUWVmvBc5GOi/2cb189d0-529f-40a5-9353-12a933c5cb8e/osano.js:2:170061)
    at DocumentFragment.value [as dispatchEvent] (https://cmp.osano.com/16CXuzUWVmvBc5GOi/2cb189d0-529f-40a5-9353-12a933c5cb8e/osano.js:2:170452)
    at Object.dispatch (https://cdnjs.cloudflare.com/ajax/libs/splidejs/4.1.4/js/splide.min.js:8:3888)
    at Object.emit (https://cdnjs.cloudflare.com/ajax/libs/splidejs/4.1.4/js/splide.min.js:8:4498)
    at Object.e [as mount] (https://cdnjs.cloudflare.com/ajax/libs/splidejs/4.1.4/js/splide.min.js:8:24645)
    at https://cdnjs.cloudflare.com/ajax/libs/splidejs/4.1.4/js/splide.min.js:8:27997
[    3169ms] TypeError: Cannot read properties of undefined (reading 'getAt')
    at https://cdnjs.cloudflare.com/ajax/libs/splidejs/4.1.4/js/splide.min.js:8:6246
    at Array.map (<anonymous>)
    at k (https://cdnjs.cloudflare.com/ajax/libs/splidejs/4.1.4/js/splide.min.js:8:6201)
    at DocumentFragment.<anonymous> (https://cdnjs.cloudflare.com/ajax/libs/splidejs/4.1.4/js/splide.min.js:8:4425)
    at DocumentFragment.b (https://cmp.osano.com/16CXuzUWVmvBc5GOi/2cb189d0-529f-40a5-9353-12a933c5cb8e/osano.js:2:170061)
    at DocumentFragment.value [as dispatchEvent] (https://cmp.osano.com/16CXuzUWVmvBc5GOi/2cb189d0-529f-40a5-9353-12a933c5cb8e/osano.js:2:170452)
    at Object.dispatch (https://cdnjs.cloudflare.com/ajax/libs/splidejs/4.1.4/js/splide.min.js:8:3888)
    at Object.emit (https://cdnjs.cloudflare.com/ajax/libs/splidejs/4.1.4/js/splide.min.js:8:4498)
    at Object.e [as mount] (https://cdnjs.cloudflare.com/ajax/libs/splidejs/4.1.4/js/splide.min.js:8:24645)
    at https://cdnjs.cloudflare.com/ajax/libs/splidejs/4.1.4/js/splide.min.js:8:27997
[    3572ms] ReferenceError: MktoForms2 is not defined
    at <anonymous>:1:1
    at HTMLBodyElement.value [as insertBefore] (https://cmp.osano.com/16CXuzUWVmvBc5GOi/2cb189d0-529f-40a5-9353-12a933c5cb8e/osano.js:2:179510)
    at https://www.googletagmanager.com/gtm.js?id=GTM-MN2WW79:939:429
    at https://www.googletagmanager.com/gtm.js?id=GTM-MN2WW79:940:132
    at https://www.googletagmanager.com/gtm.js?id=GTM-MN2WW79:939:454
    at gR (https://www.googletagmanager.com/gtm.js?id=GTM-MN2WW79:941:31)
    at Md.fR (https://www.googletagmanager.com/gtm.js?id=GTM-MN2WW79:938:92)
    at Md.<anonymous> (https://www.googletagmanager.com/gtm.js?id=GTM-MN2WW79:351:187)
    at k.apply (https://www.googletagmanager.com/gtm.js?id=GTM-MN2WW79:277:466)
    at fb (https://www.googletagmanager.com/gtm.js?id=GTM-MN2WW79:240:719)
[    4864ms] [WARNING] Error with Permissions-Policy header: Unrecognized feature: 'document-domain'. @ :0
[    6106ms] [WARNING] A preload for 'https://glean-public-external.glean.com/static/i18n-en-messages-po-1c3b20e1c1f86fe1.js' is found, but is not used due to an integrity mismatch. @ https://glean-public-external.glean.com/static/bundle-37180b84ce2a3eb0.js:16
[    6106ms] [WARNING] A preload for 'https://glean-public-external.glean.com/static/eager-4857188848d83d14.js' is found, but is not used due to an integrity mismatch. @ https://glean-public-external.glean.com/static/bundle-37180b84ce2a3eb0.js:16
[    8002ms] [WARNING] quill Overwriting modules/mention with class T extends a.A{#a=!1;#l=!1;#u={};#d=!1;#c="";locations_=[];options_;resultTypes_=[];kgTypes_;datasourcesFilter_;cursorPos;quill;constructor(e,t){const i=e=>{let{disabled:t,isFooter:i,isFooterDivider:n,result:r}=e,o=document.createElement("div");return n?o.setAttribute("class","_1gxztil4"):t?(o.setAttribute("class","_1gxztil1 _1gxztil0"),o.textContent=e.triggerChar===w?s.Ru._({id:"5oRbEB"}):s.Ru._({id:"AOvC3b"})):i?(o.setAttribute("class",A),this.locations_.push({Renderer:()=>this.options_.footerRenderer?.(e.result)||null,container:o,result:e.result})):r&&(o.setAttribute("class",A),this.locations_.push({Renderer:I,container:o,result:r})),o},n=(0,c.A)(async(e,i,n)=>{if(t.enableRedesign&&n===k)return void this.#h(e,i);let s=n===k?await this.suggestItems(e):await this.suggestOperatorValues(e);s.length&&(s.unshift({category:this.options_.category,disabled:!0,triggerChar:n}),this.options_.footerRenderer&&e&&(s.push({category:this.options_.category,disabled:!0,isFooterDivider:!0}),s.push({category:this.options_.category,isFooter:!0,query:e,result:{result:e}}))),this.locations_=[],i(s),this.options_.setLocations(this.locations_)},200);super(e,{allowedChars:/^.*$/,blotName:C.A.blotName,dataAttributes:["disabled","document","kgEntity","operator","query","isFooter"],defaultMenuOrientation:"top",mentionDenotationChars:t.enableOperatorSuggestion?[k,w]:[k],onClose:()=>{t.onDropdownOpen(!1),t.enableRedesign&&this.#m(!1)},onOpen:()=>t.onDropdownOpen(!0),onSelect:(e,i)=>{if(e.isFooter)return void t.onFooterClick?.({result:e.query||""});let n=e.document?"mention-document":e.kgEntity?"mention-kg-entity":e.operator?"mention-operator":void 0;if(t.onSelectItem?.(n),e.operator){let t=this.getTextBeforeCursor(),n=t.substring(t.lastIndexOf(w)+1),s=this.#p(t);if(void 0!==this.cursorPos&&s){let e=s.length+n.length+1;this.quill.deleteText(this.cursorPos-e,e,o.Ay.sources.USER)}i(e,!0)}else i(e)},positioningStrategy:"fixed",renderItem:i,source:n}),this.quill=e,this.#l=t.enableRedesign??!1,this.#a=t.enableOperatorSuggestion??!1,(0,_.vu)(e),e.on("text-change",(e,t,i)=>{"user"===i?setTimeout(()=>this.onSomethingChange(e),1):i===o.Ay.sources.API&&this.#f()}),this.options_=t,t.onMentionModuleInit?.(this)}async suggestOperatorValues(e){let t=this.#p(this.getTextBeforeCursor());return(await this.options_.getAutocomplete(`${t}:${e}`,[u.U33.OPERATOR_VALUE])).map(e=>{let i=e.result;return i?{operator:JSON.stringify({name:t,value:i.split(w)[1]}),result:e}:null}).filter(d.jJ)}async suggestItems(e){return(await this.options_.getAutocomplete(e,this.resultTypes_,this.kgTypes_,this.datasourcesFilter_)).map(e=>{let{document:t,structuredResult:i}=e;if(t){let{datasource:i,id:n,url:s}=t;if(!n||!s||i?.toLowerCase()==="workflows")return;return{category:this.options_.category,document:JSON.stringify({docId:n,url:s}),result:e}}return i&&(i.person||i.customer||this.#l&&(i.agent||i.collection))?{kgEntity:JSON.stringify({structuredResult:i}),result:e}:null}).filter(d.jJ)}#h(e,t){this.getTextBeforeCursor().includes(k)&&(this.#c=e,this.#m(!0)),t([])}#m(e){let t=null,i=0;if(e&&void 0!==this.cursorPos){i=Math.max(0,this.cursorPos-this.#c.length-1);let e=this.quill.getBounds(i,0);if(e){let i=this.quill.root.getBoundingClientRect();t=new DOMRect(i.left+e.left,i.top+e.top,e.width,e.height)}}this.options_.onPortalDropdownStateChange?.({anchorBounds:t,atIndex:i,isOpen:e,quill:this.quill,searchTerm:this.#c})}insertMention(e){let t=this.getTextBeforeCursor(),i=t.lastIndexOf(k);if(i>=0&&void 0!==this.cursorPos){let n=this.cursorPos-(t.length-i),s=this.cursorPos-n;this.quill.deleteText(n,s,o.Ay.sources.USER);let r=e.document?{document:e.document}:e.kgEntity?{kgEntity:e.kgEntity}:{};this.quill.insertEmbed(n,C.A.blotName,r,o.Ay.sources.USER),this.quill.insertText(n+1," ",o.Ay.sources.USER),this.quill.setSelection(n+2,0,o.Ay.sources.USER)}}onSomethingChange=e=>{e&&this.#g(e),this.#l&&(this.getTextBeforeCursor().includes(k)||this.#m(!1)),super.onSomethingChange?.()};hideMentionList=()=>super.hideMentionList?.();setResultTypes=e=>this.resultTypes_=e;setKgTypes=e=>this.kgTypes_=e;setDatasourcesFilter=e=>this.datasourcesFilter_=e;setOperatorData=e=>{this.#u=e,!this.#d&&e&&Object.keys(e).length>0&&(this.#f(),this.#d=!0)};#p(e){if(!e.includes(w))return;let t=(0,h.Zd)(e,this.#u);return t[t.length-1]?.operatorKey}#b(e){return!!this.#p(e)}#y(e){return e.includes(k)&&(0>=e.lastIndexOf(k)||!/^[a-zA-Z]/i.test(e[e.lastIndexOf(k)-1]))}#g(e){let t;if(!this.#a)return;let i=this.quill.getSelection();if(!i)return;let n=e.ops;if(!n||0===n.length)return;let s=0;for(let e of n)e.insert&&"string"==typeof e.insert&&s++;if(0===s)return;if(1===s&&" "===n[n.length-1].insert){let e=function(e,t){let i=function(e,t){let i="",n=0,s=0;for(let t of e.ops||[])"string"==typeof t.insert?(i=t.insert,n=s,s+=t.insert.length):(s+=1,i="",n=s);let r=(0,h.Zd)(i,t),o=r[r.length-1];if(!o?.isOperator||!o.operatorKey)return null;let a=0;for(let e=0;e<r.length-1;e++)a+=r[e].text.length;let l=o.text,u=o.operatorKey,d=l.indexOf(":"),c=l.substring(d+1);return{fullMatch:l,operatorKey:u,operatorValue:c,startPos:n+a}}(e,t);if(!i)return null;let{fullMatch:n,operatorKey:s,operatorValue:r,startPos:o}=i;return!t[s]||r.startsWith('"')&&!r.endsWith('"')?null:[{operatorKey:s,operatorValue:r,originalText:n,position:o}]}(this.quill.getContents(0,i.index-1),this.#u);if(!e)return;this.#x(e);return}let r=0===(t=n.filter(e=>e.insert&&"string"==typeof e.insert)).length?null:t.map(e=>e.insert).join("");if(r&&r.length>=3){let e=E(r,i.index,this.#u);if(!e)return;let t=i.index-r.length,n=e.reduce((e,t)=>e+(t.originalText.length-1),0),s=r.length-n,a=function(e,t,i){if(0===e.length)return!1;let n=(0,h.Zd)(t,i),s=n[n.length-1];return s?.isOperator===!0}(e,r,this.#u);this.#x(e);let l=t+s;if(a){let e=this.quill.getLength()-1;this.quill.insertText(e," ",o.Ay.sources.USER),l=e+1}this.quill.setSelection(l,0,o.Ay.sources.USER)}}#x(e,t=o.Ay.sources.USER){for(let i of[...e].sort((e,t)=>t.position-e.position)){this.quill.deleteText(i.position,i.originalText.length,t);let e={operator:JSON.stringify({name:i.operatorKey,value:i.operatorValue})};this.quill.insertEmbed(i.position,C.A.blotName,e,t)}}#v(){if(!this.#a)return;let e=this.quill.getText();if(!e||0===e.trim().length)return;let t=E(e,e.length,this.#u);t&&0!==t.length&&this.#x(t,o.Ay.sources.SILENT)}#f(){setTimeout(()=>{let e=this.quill.getText();if(!e||0===e.trim().length||!this.#a)return;this.#v();let t=this.quill.getLength()-1,i=this.quill.getLeaf(t-1)?.[0];i&&i instanceof r.EmbedBlot&&this.quill.insertText(t," ",o.Ay.sources.SILENT)},100)}getTextBeforeCursor(){let e=this.quill.getText(0,this.cursorPos??0);return this.#y(e)||this.#a&&this.#b(e)?e:""}static onDispose(e){let t=e.getModule("mention");t&&t instanceof T&&t.hideMentionList()}} @ https://glean-public-external.glean.com/static/70009-09bbd6953c3090f5.js:9
[    8002ms] [WARNING] quill Overwriting formats/table with class l extends s.Ay{static blotName="table";static tagName="TD";static create(t){let e=super.create();return t?e.setAttribute("data-row",t):e.setAttribute("data-row",c()),e}static formats(t){if(t.hasAttribute("data-row"))return t.getAttribute("data-row")}cellOffset(){return this.parent?this.parent.children.indexOf(this):-1}format(t,e){t===l.blotName&&e?this.domNode.setAttribute("data-row",e):super.format(t,e)}row(){return this.parent}rowOffset(){return this.row()?this.row().rowOffset():-1}table(){return this.row()&&this.row().table()}} @ https://glean-public-external.glean.com/static/70009-09bbd6953c3090f5.js:9
[    8002ms] [WARNING] quill Overwriting formats/table-row with class n extends r.A{static blotName="table-row";static tagName="TR";checkMerge(){if(super.checkMerge()&&null!=this.next.children.head){let t=this.children.head.formats(),e=this.children.tail.formats(),i=this.next.children.head.formats(),s=this.next.children.tail.formats();return t.table===e.table&&t.table===i.table&&t.table===s.table}return!1}optimize(t){super.optimize(t),this.children.forEach(t=>{if(null==t.next)return;let e=t.formats(),i=t.next.formats();if(e.table!==i.table){let e=this.splitAfter(t);e&&e.optimize(),this.prev&&this.prev.optimize()}})}rowOffset(){return this.parent?this.parent.children.indexOf(this):-1}table(){return this.parent&&this.parent.parent}} @ https://glean-public-external.glean.com/static/70009-09bbd6953c3090f5.js:9
[    8002ms] [WARNING] quill Overwriting formats/table-body with class o extends r.A{static blotName="table-body";static tagName="TBODY"} @ https://glean-public-external.glean.com/static/70009-09bbd6953c3090f5.js:9
[    8002ms] [WARNING] quill Overwriting formats/table-container with class a extends r.A{static blotName="table-container";static tagName="TABLE";balanceCells(){let t=this.descendants(n),e=t.reduce((t,e)=>Math.max(e.children.length,t),0);t.forEach(t=>{Array(e-t.children.length).fill(0).forEach(()=>{let e;null!=t.children.head&&(e=l.formats(t.children.head.domNode));let i=this.scroll.create(l.blotName,e);t.appendChild(i),i.optimize()})})}cells(t){return this.rows().map(e=>e.children.at(t))}deleteColumn(t){let[e]=this.descendant(o);null!=e&&null!=e.children.head&&e.children.forEach(e=>{let i=e.children.at(t);null!=i&&i.remove()})}insertColumn(t){let[e]=this.descendant(o);null!=e&&null!=e.children.head&&e.children.forEach(e=>{let i=e.children.at(t),s=l.formats(e.children.head.domNode),r=this.scroll.create(l.blotName,s);e.insertBefore(r,i)})}insertRow(t){let[e]=this.descendant(o);if(null==e||null==e.children.head)return;let i=c(),s=this.scroll.create(n.blotName);e.children.head.children.forEach(()=>{let t=this.scroll.create(l.blotName,i);s.appendChild(t)});let r=e.children.at(t);e.insertBefore(s,r)}rows(){let t=this.children.head;return null==t?[]:t.children.map(t=>t)}} @ https://glean-public-external.glean.com/static/70009-09bbd6953c3090f5.js:9
[    8016ms] [INFO] Evaluating a string as JavaScript violates the following Content Security Policy directive because 'unsafe-eval' is not an allowed source of script: "script-src 'self' 'nonce-edf7f5ac-21ff-4a32-a729-b4802c9ec97c' https://widget.intercom.io https://js.intercomcdn.com".
 The policy is report-only, so the violation has been logged but no further action has been taken. @ https://glean-public-external.glean.com/static/66920-ff72c727c454d93a.js:39
[   10907ms] [ERROR] Failed to load resource: the server responded with a status of 403 () @ https://glean-public-external-be.glean.com/api/v1/saveusersettings?clientVersion=fe-release-2026-03-31-f8f1543&domain=www.glean.com&locale=en:0
[   11235ms] [ERROR] Failed to load resource: the server responded with a status of 403 () @ https://glean-public-external-be.glean.com/api/v1/saveusersettings?clientVersion=fe-release-2026-03-31-f8f1543&domain=www.glean.com&locale=en:0
[   14237ms] [WARNING] The resource https://glean-public-external.glean.com/static/i18n-en-messages-po-1c3b20e1c1f86fe1.js was preloaded using link preload but not used within a few seconds from the window's load event. Please make sure it has an appropriate `as` value and it is preloaded intentionally. @ https://glean-public-external.glean.com/frame/searchbox?frameUseAuthToken=1&qe=https%3A%2F%2Fglean-public-external-be.glean.com&ds=glean&ds=blogs&ds=webjjldruagleancommunity&ds=web_7&ds=web_6&ds=web_8&embedded=1&frameId=cwOJ4oLf3&docTitle=Glean%2520%25E2%2580%2593%2520Work%2520AI%2520that%2520Works%2520%257C%2520Agents%252C%2520Assistant%2520%2526%2520Search&docUrl=https%3A%2F%2Fwww.glean.com%2F:0
[   14237ms] [WARNING] The resource https://glean-public-external.glean.com/static/fullscreen-app-7a08c2c8172a2b42.js was preloaded using link preload but not used within a few seconds from the window's load event. Please make sure it has an appropriate `as` value and it is preloaded intentionally. @ https://glean-public-external.glean.com/frame/searchbox?frameUseAuthToken=1&qe=https%3A%2F%2Fglean-public-external-be.glean.com&ds=glean&ds=blogs&ds=webjjldruagleancommunity&ds=web_7&ds=web_6&ds=web_8&embedded=1&frameId=cwOJ4oLf3&docTitle=Glean%2520%25E2%2580%2593%2520Work%2520AI%2520that%2520Works%2520%257C%2520Agents%252C%2520Assistant%2520%2526%2520Search&docUrl=https%3A%2F%2Fwww.glean.com%2F:0
[   14237ms] [WARNING] The resource https://glean-public-external.glean.com/static/eager-4857188848d83d14.js was preloaded using link preload but not used within a few seconds from the window's load event. Please make sure it has an appropriate `as` value and it is preloaded intentionally. @ https://glean-public-external.glean.com/frame/searchbox?frameUseAuthToken=1&qe=https%3A%2F%2Fglean-public-external-be.glean.com&ds=glean&ds=blogs&ds=webjjldruagleancommunity&ds=web_7&ds=web_6&ds=web_8&embedded=1&frameId=cwOJ4oLf3&docTitle=Glean%2520%25E2%2580%2593%2520Work%2520AI%2520that%2520Works%2520%257C%2520Agents%252C%2520Assistant%2520%2526%2520Search&docUrl=https%3A%2F%2Fwww.glean.com%2F:0
[   14237ms] [WARNING] The resource https://glean-public-external.glean.com/static/new-tab-page-5da72b70245cdccc.js was preloaded using link preload but not used within a few seconds from the window's load event. Please make sure it has an appropriate `as` value and it is preloaded intentionally. @ https://glean-public-external.glean.com/frame/searchbox?frameUseAuthToken=1&qe=https%3A%2F%2Fglean-public-external-be.glean.com&ds=glean&ds=blogs&ds=webjjldruagleancommunity&ds=web_7&ds=web_6&ds=web_8&embedded=1&frameId=cwOJ4oLf3&docTitle=Glean%2520%25E2%2580%2593%2520Work%2520AI%2520that%2520Works%2520%257C%2520Agents%252C%2520Assistant%2520%2526%2520Search&docUrl=https%3A%2F%2Fwww.glean.com%2F:0
[   17613ms] [WARNING] The resource https://glean-public-external.glean.com/static/i18n-en-messages-po-1c3b20e1c1f86fe1.js was preloaded using link preload but not used within a few seconds from the window's load event. Please make sure it has an appropriate `as` value and it is preloaded intentionally. @ https://glean-public-external.glean.com/frame/searchbox?frameUseAuthToken=1&qe=https%3A%2F%2Fglean-public-external-be.glean.com&ds=glean&ds=blogs&ds=webjjldruagleancommunity&ds=web_7&ds=web_6&ds=web_8&embedded=1&frameId=cwOJ4oLf3&docTitle=Glean%2520%25E2%2580%2593%2520Work%2520AI%2520that%2520Works%2520%257C%2520Agents%252C%2520Assistant%2520%2526%2520Search&docUrl=https%3A%2F%2Fwww.glean.com%2F:0
[   17613ms] [WARNING] The resource https://glean-public-external.glean.com/static/fullscreen-app-7a08c2c8172a2b42.js was preloaded using link preload but not used within a few seconds from the window's load event. Please make sure it has an appropriate `as` value and it is preloaded intentionally. @ https://glean-public-external.glean.com/frame/searchbox?frameUseAuthToken=1&qe=https%3A%2F%2Fglean-public-external-be.glean.com&ds=glean&ds=blogs&ds=webjjldruagleancommunity&ds=web_7&ds=web_6&ds=web_8&embedded=1&frameId=cwOJ4oLf3&docTitle=Glean%2520%25E2%2580%2593%2520Work%2520AI%2520that%2520Works%2520%257C%2520Agents%252C%2520Assistant%2520%2526%2520Search&docUrl=https%3A%2F%2Fwww.glean.com%2F:0
[   17613ms] [WARNING] The resource https://glean-public-external.glean.com/static/eager-4857188848d83d14.js was preloaded using link preload but not used within a few seconds from the window's load event. Please make sure it has an appropriate `as` value and it is preloaded intentionally. @ https://glean-public-external.glean.com/frame/searchbox?frameUseAuthToken=1&qe=https%3A%2F%2Fglean-public-external-be.glean.com&ds=glean&ds=blogs&ds=webjjldruagleancommunity&ds=web_7&ds=web_6&ds=web_8&embedded=1&frameId=cwOJ4oLf3&docTitle=Glean%2520%25E2%2580%2593%2520Work%2520AI%2520that%2520Works%2520%257C%2520Agents%252C%2520Assistant%2520%2526%2520Search&docUrl=https%3A%2F%2Fwww.glean.com%2F:0
[   17613ms] [WARNING] The resource https://glean-public-external.glean.com/static/new-tab-page-5da72b70245cdccc.js was preloaded using link preload but not used within a few seconds from the window's load event. Please make sure it has an appropriate `as` value and it is preloaded intentionally. @ https://glean-public-external.glean.com/frame/searchbox?frameUseAuthToken=1&qe=https%3A%2F%2Fglean-public-external-be.glean.com&ds=glean&ds=blogs&ds=webjjldruagleancommunity&ds=web_7&ds=web_6&ds=web_8&embedded=1&frameId=cwOJ4oLf3&docTitle=Glean%2520%25E2%2580%2593%2520Work%2520AI%2520that%2520Works%2520%257C%2520Agents%252C%2520Assistant%2520%2526%2520Search&docUrl=https%3A%2F%2Fwww.glean.com%2F:0
[   78254ms] TypeError: Cannot read properties of null (reading 'classList')
    at https://www.glean.com/:2454:14
[  185309ms] TypeError: Cannot read properties of null (reading 'classList')
    at https://www.glean.com/:2454:14
