[    3494ms] [INFO] %cDownload the React DevTools for a better development experience: https://reactjs.org/link/react-devtools font-weight:bold @ webpack-internal:///(app-pages-browser)/./node_modules/next/dist/compiled/react-dom/cjs/react-dom.development.js:38387
[    3794ms] [ERROR] Manifest: Line: 1, column: 1, Syntax error. @ http://localhost:3000/manifest.webmanifest:0
[    4342ms] [LOG] Initializing PostHog with key: phc_H4eYFFpHuG8lmpcNeZ86S6V5Nw2GzrA0li1vw6F3cwg @ webpack-internal:///(app-pages-browser)/./src/lib/providers/PostHogProvider.tsx:20
[    4343ms] [LOG] [PostHog.js] set_config {
  "config": {
    "api_host": "https://us.i.posthog.com",
    "ui_host": "https://us.posthog.com",
    "token": "phc_H4eYFFpHuG8lmpcNeZ86S6V5Nw2GzrA0li1vw6F3cwg",
    "autocapture": true,
    "rageclick": true,
    "cross_subdomain_cookie": true,
    "persistence": "localStorage+cookie",
    "persistence_name": "",
    "save_campaign_params": true,
    "custom_campaign_params": [],
    "custom_blocked_useragents": [],
    "save_referrer": true,
    "capture_pageview": false,
    "capture_pageleave": true,
    "debug": true,
    "cookie_expiration": 365,
    "upgrade": false,
    "disable_session_recording": false,
    "disable_persistence": false,
    "disable_web_experiments": true,
    "disable_surveys": false,
    "disable_external_dependency_loading": false,
    "secure_cookie": false,
    "ip": true,
    "opt_out_capturing_by_default": false,
    "opt_out_persistence_by_default": false,
    "opt_out_useragent_filter": false,
    "opt_out_capturing_persistence_type": "localStorage",
    "opt_out_capturing_cookie_prefix": null,
    "opt_in_site_apps": false,
    "property_denylist": [],
    "respect_dnt": false,
    "sanitize_properties": null,
    "request_headers": {},
    "request_batching": true,
    "properties_string_max_length": 65535,
    "session_recording": {},
    "mask_all_element_attributes": false,
    "mask_all_text": false,
    "mask_personal_data_properties": false,
    "custom_personal_data_properties": [],
    "advanced_disable_decide": false,
    "advanced_disable_feature_flags": false,
    "advanced_disable_feature_flags_on_first_load": false,
    "advanced_disable_toolbar_metrics": false,
    "feature_flag_request_timeout_ms": 3000,
    "surveys_request_timeout_ms": 10000,
    "name": "posthog",
    "bootstrap": {},
    "disable_compression": false,
    "session_idle_timeout_seconds": 1800,
    "person_profiles": "identified_only",
    "request_queue_config": {
      "flush_interval_ms": 3000
    },
    "capture_exceptions": true
  },
  "oldConfig": {},
  "newConfig": {
    "api_host": "https://us.i.posthog.com",
    "ui_host": "https://us.posthog.com",
    "token": "phc_H4eYFFpHuG8lmpcNeZ86S6V5Nw2GzrA0li1vw6F3cwg",
    "autocapture": true,
    "rageclick": true,
    "cross_subdomain_cookie": true,
    "persistence": "localStorage+cookie",
    "persistence_name": "",
    "save_campaign_params": true,
    "custom_campaign_params": [],
    "custom_blocked_useragents": [],
    "save_referrer": true,
    "capture_pageview": false,
    "capture_pageleave": true,
    "debug": true,
    "cookie_expiration": 365,
    "upgrade": false,
    "disable_session_recording": false,
    "disable_persistence": false,
    "disable_web_experiments": true,
    "disable_surveys": false,
    "disable_external_dependency_loading": false,
    "secure_cookie": false,
    "ip": true,
    "opt_out_capturing_by_default": false,
    "opt_out_persistence_by_default": false,
    "opt_out_useragent_filter": false,
    "opt_out_capturing_persistence_type": "localStorage",
    "opt_out_capturing_cookie_prefix": null,
    "opt_in_site_apps": false,
    "property_denylist": [],
    "respect_dnt": false,
    "sanitize_properties": null,
    "request_headers": {},
    "request_batching": true,
    "properties_string_max_length": 65535,
    "session_recording": {},
    "mask_all_element_attributes": false,
    "mask_all_text": false,
    "mask_personal_data_properties": false,
    "custom_personal_data_properties": [],
    "advanced_disable_decide": false,
    "advanced_disable_feature_flags": false,
    "advanced_disable_feature_flags_on_first_load": false,
    "advanced_disable_toolbar_metrics": false,
    "feature_flag_request_timeout_ms": 3000,
    "surveys_request_timeout_ms": 10000,
    "name": "posthog",
    "bootstrap": {},
    "disable_compression": false,
    "session_idle_timeout_seconds": 1800,
    "person_profiles": "identified_only",
    "request_queue_config": {
      "flush_interval_ms": 3000
    },
    "capture_exceptions": true
  }
} @ webpack-internal:///(app-pages-browser)/./node_modules/posthog-js/dist/module.js:16
[    4343ms] [LOG] [PostHog.js] [Surveys] No surveys to load. @ webpack-internal:///(app-pages-browser)/./node_modules/posthog-js/dist/module.js:16
[    4344ms] [LOG] [PostHog.js] Persistence loaded localStorage+cookie {} @ webpack-internal:///(app-pages-browser)/./node_modules/posthog-js/dist/module.js:16
[    4344ms] [LOG] [PostHog.js] Persistence loaded sessionStorage {} @ webpack-internal:///(app-pages-browser)/./node_modules/posthog-js/dist/module.js:16
[    4345ms] [LOG] [PostHog.js] [SessionId] new session ID generated {sessionId: 019d6861-0b89-717c-b6de-e640997180c3, windowId: 019d6861-0b8a-7467-8bb2-d8c3dcaf69c5, changeReason: Object} @ webpack-internal:///(app-pages-browser)/./node_modules/posthog-js/dist/module.js:16
[    4345ms] [LOG] [PostHog.js] [Surveys] No surveys to load. @ webpack-internal:///(app-pages-browser)/./node_modules/posthog-js/dist/module.js:16
[    4346ms] [LOG] [PostHog.js] [ExceptionAutocapture] enabled @ webpack-internal:///(app-pages-browser)/./node_modules/posthog-js/dist/module.js:16
[    4346ms] [LOG] [PostHog.js] [ExceptionAutocapture] enabled @ webpack-internal:///(app-pages-browser)/./node_modules/posthog-js/dist/module.js:16
[    4346ms] [LOG] [PostHog.js] Starting in debug mode {this: Yo, config: Object, thisC: Object, p: Object, s: Object} @ webpack-internal:///(app-pages-browser)/./node_modules/posthog-js/dist/module.js:16
[    4347ms] [LOG] PostHog loaded successfully! @ webpack-internal:///(app-pages-browser)/./src/lib/providers/PostHogProvider.tsx:29
[    4347ms] [LOG] You're now in debug mode. All calls to PostHog will be logged in your console.
You can disable this with `posthog.debug(false)`. @ webpack-internal:///(app-pages-browser)/./node_modules/posthog-js/dist/module.js:16
[    4347ms] [LOG] [PostHog.js] Persistence loaded sessionStorage {} @ webpack-internal:///(app-pages-browser)/./node_modules/posthog-js/dist/module.js:16
[    4347ms] [LOG] [PostHog.js] set_config {
  "config": {
    "debug": true
  },
  "oldConfig": {
    "api_host": "https://us.i.posthog.com",
    "ui_host": "https://us.posthog.com",
    "token": "phc_H4eYFFpHuG8lmpcNeZ86S6V5Nw2GzrA0li1vw6F3cwg",
    "autocapture": true,
    "rageclick": true,
    "cross_subdomain_cookie": true,
    "persistence": "localStorage+cookie",
    "persistence_name": "",
    "save_campaign_params": true,
    "custom_campaign_params": [],
    "custom_blocked_useragents": [],
    "save_referrer": true,
    "capture_pageview": false,
    "capture_pageleave": true,
    "debug": true,
    "cookie_expiration": 365,
    "upgrade": false,
    "disable_session_recording": false,
    "disable_persistence": false,
    "disable_web_experiments": true,
    "disable_surveys": false,
    "disable_external_dependency_loading": false,
    "secure_cookie": false,
    "ip": true,
    "opt_out_capturing_by_default": false,
    "opt_out_persistence_by_default": false,
    "opt_out_useragent_filter": false,
    "opt_out_capturing_persistence_type": "localStorage",
    "opt_out_capturing_cookie_prefix": null,
    "opt_in_site_apps": false,
    "property_denylist": [],
    "respect_dnt": false,
    "sanitize_properties": null,
    "request_headers": {},
    "request_batching": true,
    "properties_string_max_length": 65535,
    "session_recording": {},
    "mask_all_element_attributes": false,
    "mask_all_text": false,
    "mask_personal_data_properties": false,
    "custom_personal_data_properties": [],
    "advanced_disable_decide": false,
    "advanced_disable_feature_flags": false,
    "advanced_disable_feature_flags_on_first_load": false,
    "advanced_disable_toolbar_metrics": false,
    "feature_flag_request_timeout_ms": 3000,
    "surveys_request_timeout_ms": 10000,
    "name": "posthog",
    "bootstrap": {},
    "disable_compression": false,
    "session_idle_timeout_seconds": 1800,
    "person_profiles": "identified_only",
    "request_queue_config": {
      "flush_interval_ms": 3000
    },
    "capture_exceptions": true
  },
  "newConfig": {
    "api_host": "https://us.i.posthog.com",
    "ui_host": "https://us.posthog.com",
    "token": "phc_H4eYFFpHuG8lmpcNeZ86S6V5Nw2GzrA0li1vw6F3cwg",
    "autocapture": true,
    "rageclick": true,
    "cross_subdomain_cookie": true,
    "persistence": "localStorage+cookie",
    "persistence_name": "",
    "save_campaign_params": true,
    "custom_campaign_params": [],
    "custom_blocked_useragents": [],
    "save_referrer": true,
    "capture_pageview": false,
    "capture_pageleave": true,
    "debug": true,
    "cookie_expiration": 365,
    "upgrade": false,
    "disable_session_recording": false,
    "disable_persistence": false,
    "disable_web_experiments": true,
    "disable_surveys": false,
    "disable_external_dependency_loading": false,
    "secure_cookie": false,
    "ip": true,
    "opt_out_capturing_by_default": false,
    "opt_out_persistence_by_default": false,
    "opt_out_useragent_filter": false,
    "opt_out_capturing_persistence_type": "localStorage",
    "opt_out_capturing_cookie_prefix": null,
    "opt_in_site_apps": false,
    "property_denylist": [],
    "respect_dnt": false,
    "sanitize_properties": null,
    "request_headers": {},
    "request_batching": true,
    "properties_string_max_length": 65535,
    "session_recording": {},
    "mask_all_element_attributes": false,
    "mask_all_text": false,
    "mask_personal_data_properties": false,
    "custom_personal_data_properties": [],
    "advanced_disable_decide": false,
    "advanced_disable_feature_flags": false,
    "advanced_disable_feature_flags_on_first_load": false,
    "advanced_disable_toolbar_metrics": false,
    "feature_flag_request_timeout_ms": 3000,
    "surveys_request_timeout_ms": 10000,
    "name": "posthog",
    "bootstrap": {},
    "disable_compression": false,
    "session_idle_timeout_seconds": 1800,
    "person_profiles": "identified_only",
    "request_queue_config": {
      "flush_interval_ms": 3000
    },
    "capture_exceptions": true
  }
} @ webpack-internal:///(app-pages-browser)/./node_modules/posthog-js/dist/module.js:16
[    4347ms] [LOG] [PostHog.js] [Surveys] No surveys to load. @ webpack-internal:///(app-pages-browser)/./node_modules/posthog-js/dist/module.js:16
[    4351ms] [LOG] Initializing PostHog with key: phc_H4eYFFpHuG8lmpcNeZ86S6V5Nw2GzrA0li1vw6F3cwg @ webpack-internal:///(app-pages-browser)/./src/lib/providers/PostHogProvider.tsx:20
[    4351ms] [WARNING] [PostHog.js] You have already initialized PostHog! Re-initializing is a no-op @ webpack-internal:///(app-pages-browser)/./node_modules/posthog-js/dist/module.js:16
[    4354ms] [LOG] Capturing pageview for: http://localhost:3000/auth/signin @ webpack-internal:///(app-pages-browser)/./src/lib/providers/PostHogProvider.tsx:66
[    4361ms] [LOG] [PostHog.js] send "$pageview" {uuid: 019d6861-0b93-742c-b29a-2f977656be91, event: $pageview, properties: Object, timestamp: Tue Apr 07 2026 20:08:03 GMT+0530 (India Standard Time)} @ webpack-internal:///(app-pages-browser)/./node_modules/posthog-js/dist/module.js:16
[    4361ms] [LOG] Capturing pageview for: http://localhost:3000/auth/signin @ webpack-internal:///(app-pages-browser)/./src/lib/providers/PostHogProvider.tsx:66
[    4362ms] [LOG] [PostHog.js] send "$pageview" {uuid: 019d6861-0b9a-73a9-b34d-854e349e9ae7, event: $pageview, properties: Object, timestamp: Tue Apr 07 2026 20:08:03 GMT+0530 (India Standard Time)} @ webpack-internal:///(app-pages-browser)/./node_modules/posthog-js/dist/module.js:16
[    5164ms] [LOG] [PostHog.js] [RemoteConfig] __preview_remote_config is disabled. Logging config instead {analytics: Object, autocaptureExceptions: false, autocapture_opt_out: false, captureDeadClicks: false, capturePerformance: Object} @ webpack-internal:///(app-pages-browser)/./node_modules/posthog-js/dist/module.js:16
[    5468ms] [LOG] [PostHog.js] Persistence loaded sessionStorage {$referrer: $direct, $referring_domain: $direct} @ webpack-internal:///(app-pages-browser)/./node_modules/posthog-js/dist/module.js:16
[    5468ms] [LOG] [PostHog.js] set_config {
  "config": {
    "person_profiles": "identified_only"
  },
  "oldConfig": {
    "api_host": "https://us.i.posthog.com",
    "ui_host": "https://us.posthog.com",
    "token": "phc_H4eYFFpHuG8lmpcNeZ86S6V5Nw2GzrA0li1vw6F3cwg",
    "autocapture": true,
    "rageclick": true,
    "cross_subdomain_cookie": true,
    "persistence": "localStorage+cookie",
    "persistence_name": "",
    "save_campaign_params": true,
    "custom_campaign_params": [],
    "custom_blocked_useragents": [],
    "save_referrer": true,
    "capture_pageview": false,
    "capture_pageleave": true,
    "debug": true,
    "cookie_expiration": 365,
    "upgrade": false,
    "disable_session_recording": false,
    "disable_persistence": false,
    "disable_web_experiments": true,
    "disable_surveys": false,
    "disable_external_dependency_loading": false,
    "secure_cookie": false,
    "ip": true,
    "opt_out_capturing_by_default": false,
    "opt_out_persistence_by_default": false,
    "opt_out_useragent_filter": false,
    "opt_out_capturing_persistence_type": "localStorage",
    "opt_out_capturing_cookie_prefix": null,
    "opt_in_site_apps": false,
    "property_denylist": [],
    "respect_dnt": false,
    "sanitize_properties": null,
    "request_headers": {},
    "request_batching": true,
    "properties_string_max_length": 65535,
    "session_recording": {},
    "mask_all_element_attributes": false,
    "mask_all_text": false,
    "mask_personal_data_properties": false,
    "custom_personal_data_properties": [],
    "advanced_disable_decide": false,
    "advanced_disable_feature_flags": false,
    "advanced_disable_feature_flags_on_first_load": false,
    "advanced_disable_toolbar_metrics": false,
    "feature_flag_request_timeout_ms": 3000,
    "surveys_request_timeout_ms": 10000,
    "name": "posthog",
    "bootstrap": {},
    "disable_compression": false,
    "session_idle_timeout_seconds": 1800,
    "person_profiles": "identified_only",
    "request_queue_config": {
      "flush_interval_ms": 3000
    },
    "capture_exceptions": true
  },
  "newConfig": {
    "api_host": "https://us.i.posthog.com",
    "ui_host": "https://us.posthog.com",
    "token": "phc_H4eYFFpHuG8lmpcNeZ86S6V5Nw2GzrA0li1vw6F3cwg",
    "autocapture": true,
    "rageclick": true,
    "cross_subdomain_cookie": true,
    "persistence": "localStorage+cookie",
    "persistence_name": "",
    "save_campaign_params": true,
    "custom_campaign_params": [],
    "custom_blocked_useragents": [],
    "save_referrer": true,
    "capture_pageview": false,
    "capture_pageleave": true,
    "debug": true,
    "cookie_expiration": 365,
    "upgrade": false,
    "disable_session_recording": false,
    "disable_persistence": false,
    "disable_web_experiments": true,
    "disable_surveys": false,
    "disable_external_dependency_loading": false,
    "secure_cookie": false,
    "ip": true,
    "opt_out_capturing_by_default": false,
    "opt_out_persistence_by_default": false,
    "opt_out_useragent_filter": false,
    "opt_out_capturing_persistence_type": "localStorage",
    "opt_out_capturing_cookie_prefix": null,
    "opt_in_site_apps": false,
    "property_denylist": [],
    "respect_dnt": false,
    "sanitize_properties": null,
    "request_headers": {},
    "request_batching": true,
    "properties_string_max_length": 65535,
    "session_recording": {},
    "mask_all_element_attributes": false,
    "mask_all_text": false,
    "mask_personal_data_properties": false,
    "custom_personal_data_properties": [],
    "advanced_disable_decide": false,
    "advanced_disable_feature_flags": false,
    "advanced_disable_feature_flags_on_first_load": false,
    "advanced_disable_toolbar_metrics": false,
    "feature_flag_request_timeout_ms": 3000,
    "surveys_request_timeout_ms": 10000,
    "name": "posthog",
    "bootstrap": {},
    "disable_compression": false,
    "session_idle_timeout_seconds": 1800,
    "person_profiles": "identified_only",
    "request_queue_config": {
      "flush_interval_ms": 3000
    },
    "capture_exceptions": true
  }
} @ webpack-internal:///(app-pages-browser)/./node_modules/posthog-js/dist/module.js:16
[    5468ms] [LOG] [PostHog.js] [Surveys] No surveys to load. @ webpack-internal:///(app-pages-browser)/./node_modules/posthog-js/dist/module.js:16
[    5468ms] [LOG] [PostHog.js] [Heatmaps] starting... @ webpack-internal:///(app-pages-browser)/./node_modules/posthog-js/dist/module.js:16
[    5469ms] [LOG] [PostHog.js] [Surveys] decide response received, hasSurveys: false @ webpack-internal:///(app-pages-browser)/./node_modules/posthog-js/dist/module.js:16
[    5469ms] [LOG] [PostHog.js] [Web Vitals] enabled, starting... @ webpack-internal:///(app-pages-browser)/./node_modules/posthog-js/dist/module.js:16
[    5469ms] [LOG] [PostHog.js] [ExceptionAutocapture] enabled @ webpack-internal:///(app-pages-browser)/./node_modules/posthog-js/dist/module.js:16
[    5473ms] [WARNING] Error with Feature-Policy header: Some features are specified in both Feature-Policy and Permissions-Policy header: accelerometer, autoplay, camera, encrypted-media, fullscreen, geolocation, gyroscope, magnetometer, microphone, midi, payment, picture-in-picture, usb. Values defined in Permissions-Policy header will be used. @ :0
[    6084ms] [LOG] [PostHog.js] [Dead Clicks] starting... @ webpack-internal:///(app-pages-browser)/./node_modules/posthog-js/dist/module.js:16
[    6457ms] [ERROR] Manifest: Line: 1, column: 1, Syntax error. @ http://localhost:3000/manifest.webmanifest:0
[   11103ms] [LOG] [PostHog.js] send "$web_vitals" {uuid: 019d6861-25ef-7bf5-b521-83e5cd3a7c99, event: $web_vitals, properties: Object, timestamp: Tue Apr 07 2026 20:08:10 GMT+0530 (India Standard Time)} @ webpack-internal:///(app-pages-browser)/./node_modules/posthog-js/dist/module.js:16
[   12166ms] [WARNING] The resource http://localhost:3000/_next/static/media/3a9fd9773111cd4d-s.p.woff2 was preloaded using link preload but not used within a few seconds from the window's load event. Please make sure it has an appropriate `as` value and it is preloaded intentionally. @ http://localhost:3000/auth/signin:0
[   19341ms] [WARNING] The resource http://localhost:3000/_next/static/media/3a9fd9773111cd4d-s.p.woff2 was preloaded using link preload but not used within a few seconds from the window's load event. Please make sure it has an appropriate `as` value and it is preloaded intentionally. @ http://localhost:3000/auth/signin:0
